<?xml version="1.0" encoding="UTF-8"?>
<!-- Generated by org.testng.reporters.JUnitReportReporter -->
<testsuite hostname="Jwala" failures="0" tests="4" name="com.TestCase.Testcase" time="122.263" errors="0" timestamp="2022-10-29T23:20:59 IST" skipped="0">
  <testcase classname="com.TestCase.Testcase" name="NewRegistration" time="11.009"/>
  <system-out/>
  <testcase classname="com.TestCase.Testcase" name="NewRegistration" time="12.592"/>
  <system-out/>
  <testcase classname="com.TestCase.Testcase" name="Desktop_Order_CashOnDelivery" time="53.216"/>
  <system-out/>
  <testcase classname="com.TestCase.Testcase" name="Desktop_Order_CreditCard" time="45.446"/>
  <system-out/>
</testsuite> <!-- com.TestCase.Testcase -->
