<?xml version="1.0" encoding="UTF-8"?>
<!-- Generated by org.testng.reporters.JUnitReportReporter -->
<testsuite hostname="Jwala" failures="0" tests="4" name="com.TestCase.Testcase" time="120.185" errors="0" timestamp="2022-11-01T02:09:22 IST" skipped="0">
  <testcase classname="com.TestCase.Testcase" name="NewRegistration" time="13.687"/>
  <system-out/>
  <testcase classname="com.TestCase.Testcase" name="NewRegistration" time="12.956"/>
  <system-out/>
  <testcase classname="com.TestCase.Testcase" name="Desktop_Order_CashOnDelivery" time="48.039"/>
  <system-out/>
  <testcase classname="com.TestCase.Testcase" name="Desktop_Order_CreditCard" time="45.503"/>
  <system-out/>
</testsuite> <!-- com.TestCase.Testcase -->
