<?xml version="1.0" encoding="UTF-8"?>
<!-- Generated by org.testng.reporters.JUnitReportReporter -->
<testsuite hostname="Jwala" failures="0" tests="1" name="com.TestCase.PollSurveyVerificationTest" time="11.126" errors="0" timestamp="2022-11-01T02:09:22 IST" skipped="0">
  <testcase classname="com.TestCase.PollSurveyVerificationTest" name="PollSurvey" time="11.126"/>
  <system-out/>
</testsuite> <!-- com.TestCase.PollSurveyVerificationTest -->
