<?xml version="1.0" encoding="UTF-8"?>
<!-- Generated by org.testng.reporters.JUnitReportReporter -->
<testsuite hostname="Jwala" failures="0" tests="2" name="com.TestCase.Testcase" time="96.199" errors="0" timestamp="2022-10-15T23:43:03 IST" skipped="0">
  <testcase classname="com.TestCase.Testcase" name="Desktop_Order_CashOnDelivery" time="50.627"/>
  <system-out/>
  <testcase classname="com.TestCase.Testcase" name="Desktop_Order_CreditCard" time="45.572"/>
  <system-out/>
</testsuite> <!-- com.TestCase.Testcase -->
